0 info it worked if it ends with ok
1 verbose cli [
1 verbose cli   'C:\\Program Files\\nodejs\\node.exe',
1 verbose cli   'C:\\Program Files\\nodejs\\node_modules\\npm\\bin\\npm-cli.js',
1 verbose cli   'start'
1 verbose cli ]
2 info using npm@6.14.6
3 info using node@v12.18.3
4 verbose run-script [ 'prestart', 'start', 'poststart' ]
5 info lifecycle yelp@0.1.0~prestart: yelp@0.1.0
6 info lifecycle yelp@0.1.0~start: yelp@0.1.0
7 verbose lifecycle yelp@0.1.0~start: unsafe-perm in lifecycle true
8 verbose lifecycle yelp@0.1.0~start: PATH: C:\Program Files\nodejs\node_modules\npm\node_modules\npm-lifecycle\node-gyp-bin;C:\Users\Tom Vo\Desktop\ENTERGALACTIC\yelppy\yelp\node_modules\.bin;C:\Users\Tom Vo\bin;C:\Program Files\Git\mingw64\bin;C:\Program Files\Git\usr\local\bin;C:\Program Files\Git\usr\bin;C:\Program Files\Git\usr\bin;C:\Program Files\Git\cmd;C:\Windows\system32;C:\Windows;C:\Windows\System32\Wbem;C:\Windows\System32\WindowsPowerShell\v1.0;C:\Windows\System32\OpenSSH;C:\Program Files\Git\cmd;C:\WINDOWS\system32;C:\WINDOWS;C:\WINDOWS\System32\Wbem;C:\WINDOWS\System32\WindowsPowerShell\v1.0;C:\WINDOWS\System32\OpenSSH;C:\Program Files (x86)\GnuPG\bin;C:\Program Files\nodejs;C:\Users\Tom Vo\AppData\Local\Microsoft\WindowsApps;C:\Users\Tom Vo\AppData\Local\Programs\Microsoft VS Code\bin;C:\Users\Tom Vo\AppData\Local\hyper\app-3.0.2\resources\bin;C:\Program Files\heroku\bin;C:\Users\Tom Vo\AppData\Roaming\npm;C:\src\flutter\bin;C:\Program Files\Git\usr\bin\vendor_perl;C:\Program Files\Git\usr\bin\core_perl
9 verbose lifecycle yelp@0.1.0~start: CWD: C:\Users\Tom Vo\Desktop\ENTERGALACTIC\yelppy\yelp
10 silly lifecycle yelp@0.1.0~start: Args: [ '/d /s /c', 'npm run build:style && react-scripts start' ]
11 silly lifecycle yelp@0.1.0~start: Returned: code: 1  signal: null
12 info lifecycle yelp@0.1.0~start: Failed to exec start script
13 verbose stack Error: yelp@0.1.0 start: `npm run build:style && react-scripts start`
13 verbose stack Exit status 1
13 verbose stack     at EventEmitter.<anonymous> (C:\Program Files\nodejs\node_modules\npm\node_modules\npm-lifecycle\index.js:332:16)
13 verbose stack     at EventEmitter.emit (events.js:315:20)
13 verbose stack     at ChildProcess.<anonymous> (C:\Program Files\nodejs\node_modules\npm\node_modules\npm-lifecycle\lib\spawn.js:55:14)
13 verbose stack     at ChildProcess.emit (events.js:315:20)
13 verbose stack     at maybeClose (internal/child_process.js:1021:16)
13 verbose stack     at Process.ChildProcess._handle.onexit (internal/child_process.js:286:5)
14 verbose pkgid yelp@0.1.0
15 verbose cwd C:\Users\Tom Vo\Desktop\ENTERGALACTIC\yelppy\yelp
16 verbose Windows_NT 10.0.18363
17 verbose argv "C:\\Program Files\\nodejs\\node.exe" "C:\\Program Files\\nodejs\\node_modules\\npm\\bin\\npm-cli.js" "start"
18 verbose node v12.18.3
19 verbose npm  v6.14.6
20 error code ELIFECYCLE
21 error errno 1
22 error yelp@0.1.0 start: `npm run build:style && react-scripts start`
22 error Exit status 1
23 error Failed at the yelp@0.1.0 start script.
23 error This is probably not a problem with npm. There is likely additional logging output above.
24 verbose exit [ 1, true ]
